<?xml version="1.0" encoding="UTF-8"?>
<!-- Generated by org.testng.reporters.JUnitReportReporter -->
<testsuite hostname="DESKTOP-RPL38SS" failures="0" tests="1" name="testCases.TC002_LoginTest" time="2.070" errors="0" timestamp="2025-09-09T14:12:27 IST" skipped="0">
  <testcase classname="testCases.TC002_LoginTest" name="verify_login" time="2.070"/>
</testsuite> <!-- testCases.TC002_LoginTest -->
