<?xml version="1.0" encoding="UTF-8"?>
<!-- Generated by org.testng.reporters.JUnitReportReporter -->
<testsuite hostname="DESKTOP-RPL38SS" failures="0" tests="1" name="testCases.TC001_AccountRegisterationTest" time="2.414" errors="0" timestamp="2025-09-09T14:12:27 IST" skipped="0">
  <testcase classname="testCases.TC001_AccountRegisterationTest" name="verify_account_registeration" time="2.414"/>
</testsuite> <!-- testCases.TC001_AccountRegisterationTest -->
